[debug] [2023-01-03T10:35:04.868Z] ----------------------------------------------------------------------
[debug] [2023-01-03T10:35:04.872Z] Command:       C:\Program Files\nodejs\node.exe C:\Users\risha\AppData\Roaming\npm\node_modules\firebase-tools\lib\bin\firebase.js init
[debug] [2023-01-03T10:35:04.873Z] CLI Version:   11.17.0
[debug] [2023-01-03T10:35:04.875Z] Platform:      win32
[debug] [2023-01-03T10:35:04.875Z] Node Version:  v18.12.1
[debug] [2023-01-03T10:35:04.878Z] Time:          Tue Jan 03 2023 16:05:04 GMT+0530 (India Standard Time)
[debug] [2023-01-03T10:35:04.878Z] ----------------------------------------------------------------------
[debug] 
[debug] [2023-01-03T10:35:04.884Z] >>> [apiv2][query] GET https://firebase-public.firebaseio.com/cli.json [none]
[debug] [2023-01-03T10:35:04.979Z] > command requires scopes: ["email","openid","https://www.googleapis.com/auth/cloudplatformprojects.readonly","https://www.googleapis.com/auth/firebase","https://www.googleapis.com/auth/cloud-platform"]
[debug] [2023-01-03T10:35:04.979Z] > authorizing via signed-in user (rishab.james@gmail.com)
[info] 
     ######## #### ########  ######## ########     ###     ######  ########
     ##        ##  ##     ## ##       ##     ##  ##   ##  ##       ##
     ######    ##  ########  ######   ########  #########  ######  ######
     ##        ##  ##    ##  ##       ##     ## ##     ##       ## ##
     ##       #### ##     ## ######## ########  ##     ##  ######  ########

You're about to initialize a Firebase project in this directory:

  C:\Users\risha\Documents\Thing\voice-recorder-example-master

[debug] [2023-01-03T10:35:05.664Z] <<< [apiv2][status] GET https://firebase-public.firebaseio.com/cli.json 200
[debug] [2023-01-03T10:35:05.667Z] <<< [apiv2][body] GET https://firebase-public.firebaseio.com/cli.json {"cloudBuildErrorAfter":1594252800000,"cloudBuildWarnAfter":1590019200000,"defaultNode10After":1594252800000,"minVersion":"3.0.5","node8DeploysDisabledAfter":1613390400000,"node8RuntimeDisabledAfter":1615809600000,"node8WarnAfter":1600128000000}
